# Logfile created on 2023-02-20 17:22:36 +0500 by logger.rb/v1.4.3
I, [2023-02-20T17:34:39.403897 #55831]  INFO -- : GET/tests/1
I, [2023-02-20T17:34:42.510326 #55831]  INFO -- : GET/tests/101
I, [2023-02-20T17:44:39.477287 #56383]  INFO -- : GET/tests/101
I, [2023-02-20T17:44:44.841526 #56383]  INFO -- : GET/tests/1
I, [2023-02-20T17:47:08.912136 #56752]  INFO -- : GET/tests/1
I, [2023-02-20T17:47:18.930947 #56752]  INFO -- : GET/tests/101
I, [2023-02-20T17:47:55.051171 #56924]  INFO -- : GET/tests/101
I, [2023-02-20T17:49:20.666381 #57068]  INFO -- : GET/tests/101
I, [2023-02-20T17:49:38.292961 #57068]  INFO -- : GET/tests/1
I, [2023-02-20T17:49:41.064757 #57068]  INFO -- : GET/tests/1
I, [2023-02-20T17:50:36.240150 #57309]  INFO -- : GET/tests/1
I, [2023-02-20T17:51:34.459603 #57594]  INFO -- : GET/tests/1
I, [2023-02-20T17:51:58.688650 #57692]  INFO -- : GET/tests/1
I, [2023-02-20T17:52:37.551320 #57780]  INFO -- : GET/tests/1
I, [2023-02-20T17:54:31.476320 #57942]  INFO -- : GET/tests/1
I, [2023-02-20T18:00:56.563205 #58219]  INFO -- : GET/tests/1
I, [2023-02-20T18:01:08.249023 #58219]  INFO -- : GET/tests/101
I, [2023-02-20T18:01:08.467273 #58219]  INFO -- : GET/favicon.ico
I, [2023-02-20T18:01:12.965453 #58219]  INFO -- : GET/tests/1
I, [2023-02-20T18:01:18.202669 #58219]  INFO -- : GET/tests/101
I, [2023-02-20T18:01:20.844567 #58219]  INFO -- : GET/tests/2
I, [2023-02-20T18:01:24.321574 #58219]  INFO -- : GET/tests/4
I, [2023-02-20T18:01:26.469779 #58219]  INFO -- : GET/tests/5
I, [2023-02-20T18:01:30.480170 #58219]  INFO -- : GET/tests/6
I, [2023-02-20T18:02:10.980023 #58480]  INFO -- : GET/tests/6
I, [2023-02-20T18:02:13.467491 #58480]  INFO -- : GET/tests/1
I, [2023-02-20T18:04:43.259757 #58807]  INFO -- : GET/tests/1
I, [2023-02-20T18:04:45.978566 #58807]  INFO -- : GET/tests/3
I, [2023-02-20T18:04:49.358128 #58807]  INFO -- : GET/tests/4
I, [2023-02-20T18:05:15.109947 #58971]  INFO -- : GET/tests/4
I, [2023-02-20T18:05:17.149397 #58971]  INFO -- : GET/tests/4
I, [2023-02-20T18:05:21.272520 #58971]  INFO -- : GET/tests/2
I, [2023-02-20T18:05:26.535647 #58971]  INFO -- : GET/tests/101
I, [2023-02-20T18:05:36.214232 #58971]  INFO -- : GET/tests/101
I, [2023-02-20T18:05:40.152199 #58971]  INFO -- : GET/tests/1
I, [2023-02-20T18:05:42.134324 #58971]  INFO -- : GET/tests/1
I, [2023-02-20T18:05:49.863815 #59159]  INFO -- : GET/tests/1
I, [2023-02-20T18:05:55.919437 #59159]  INFO -- : GET/tests/101
I, [2023-02-20T18:05:58.390899 #59159]  INFO -- : GET/tests/1
I, [2023-02-20T18:06:01.287200 #59159]  INFO -- : GET/tests/2
I, [2023-02-20T18:06:29.024175 #59332]  INFO -- : GET/tests/2/
I, [2023-02-20T18:06:32.196867 #59332]  INFO -- : GET/tests/2
I, [2023-02-20T18:06:34.822992 #59332]  INFO -- : GET/tests/3
I, [2023-02-20T18:06:37.783360 #59332]  INFO -- : GET/tests/101
I, [2023-02-20T18:06:44.105381 #59332]  INFO -- : GET/tests/3
I, [2023-02-20T18:08:46.733108 #59663]  INFO -- : GET/tests/2
I, [2023-02-20T18:08:49.532041 #59663]  INFO -- : GET/tests/1
I, [2023-02-20T18:08:51.928130 #59663]  INFO -- : GET/tests/101
I, [2023-02-20T18:09:09.483771 #59663]  INFO -- : GET/tests
I, [2023-02-20T18:09:12.294153 #59663]  INFO -- : GET/tests/1
I, [2023-02-20T18:11:18.256832 #59879]  INFO -- : GET/tests/1
I, [2023-02-20T18:11:20.090248 #59879]  INFO -- : GET/tests/2
I, [2023-02-20T18:18:45.471873 #60452]  INFO -- : GET/tests/2
I, [2023-02-20T18:18:47.978597 #60452]  INFO -- : GET/tests/3
I, [2023-02-20T18:18:51.297568 #60452]  INFO -- : GET/tests/4
I, [2023-02-20T18:18:53.981898 #60452]  INFO -- : GET/tests/2
I, [2023-02-20T18:18:56.713184 #60452]  INFO -- : GET/tests/5
I, [2023-02-20T18:21:44.254249 #60452]  INFO -- : GET/tests/101
I, [2023-02-20T18:26:45.105838 #61100]  INFO -- : GET/tests/1
I, [2023-02-20T18:26:47.930955 #61100]  INFO -- : GET/tests/2
I, [2023-02-20T18:26:50.274599 #61100]  INFO -- : GET/tests/3
I, [2023-02-20T19:36:50.736295 #62467]  INFO -- : GET/tests
I, [2023-02-20T19:38:30.481164 #62651]  INFO -- : GET/tests
I, [2023-02-20T19:39:43.289073 #62818]  INFO -- : GET/tests
I, [2023-02-20T20:40:46.129078 #63461]  INFO -- : GET/tests
I, [2023-02-20T20:42:11.128339 #63646]  INFO -- : GET/tests
I, [2023-02-20T20:42:11.139947 #63646]  INFO -- : {:id=>0}
I, [2023-02-20T20:42:57.637252 #63792]  INFO -- : GET/tests
I, [2023-02-20T20:42:57.646777 #63792]  INFO -- : {:id=>0}
I, [2023-02-20T20:42:57.646859 #63792]  INFO -- : TestsControllerindex
I, [2023-02-20T20:43:58.478701 #63973]  INFO -- : GET/tests
I, [2023-02-20T20:43:58.503187 #63973]  INFO -- : {:id=>0}
I, [2023-02-20T20:43:58.503601 #63973]  INFO -- : TestsControllerindex
I, [2023-02-20T20:43:58.508294 #63973]  INFO -- : 200text/html
I, [2023-02-20T20:47:36.184617 #64263]  INFO -- : Request:GET/tests
I, [2023-02-20T20:47:36.194113 #64263]  INFO -- : {:id=>0}
I, [2023-02-20T20:47:36.194266 #64263]  INFO -- : TestsControllerindex
I, [2023-02-20T20:47:36.195831 #64263]  INFO -- : 200text/html
I, [2023-02-20T20:49:09.313223 #64480]  INFO -- : Request:GET/tests
I, [2023-02-20T20:49:09.318605 #64480]  INFO -- : {:id=>0}
I, [2023-02-20T20:49:09.318706 #64480]  INFO -- : TestsControllerindex
I, [2023-02-20T20:49:09.319436 #64480]  INFO -- : Response:200text/html
I, [2023-02-20T20:50:40.335064 #64658]  INFO -- : Request:GET/tests
I, [2023-02-20T20:52:16.842717 #64944]  INFO -- : Request:GET/tests
I, [2023-02-20T20:52:53.160757 #65105]  INFO -- : Request:GET/tests
I, [2023-02-20T20:52:53.174285 #65105]  INFO -- : Parameters: {:id=>0}
I, [2023-02-20T20:52:53.174615 #65105]  INFO -- : Handler: TestsController#index
I, [2023-02-20T20:52:53.178692 #65105]  INFO -- : Response:200text/html
